
Currently Loaded Modules:
  1) gcc/9.3.0       3) slurm/19.05.7   5) lua/5.4.4       7) git/2.28.0
  2) openmpi/3.1.6   4) lmod/8.7.24     6) helpers/0.1.1   8) standard/2020.10

                            < M A T L A B (R) >
                  Copyright 1984-2021 The MathWorks, Inc.
             R2021a Update 4 (9.10.0.1710957) 64-bit (glnxa64)
                                July 1, 2021

 
To get started, type doc.
For product information, visit www.mathworks.com.
 

m = 

  matlab.io.MatFile

  Properties:
              Properties.Source: '/data/geyink1/skumar67/FV_poly_codes/FV_wi_0p8/data/velfield_lse_ddfilter_j_156.mat'
            Properties.Writable: false                                                                                
    Properties.ProtectedLoading: false                                                                                
                            Q2Q: [3-D single]                                                                         
                      Q2lambda2: [3-D single]                                                                         
                            Q4Q: [3-D single]                                                                         
                      Q4lambda2: [3-D single]                                                                         
                              X: [3-D double]                                                                         
                              Y: [3-D double]                                                                         
                              Z: [3-D double]                                                                         
                            uQ2: [3-D double]                                                                         
                            uQ4: [3-D double]                                                                         
                            vQ2: [3-D double]                                                                         
                            vQ4: [3-D double]                                                                         
                            wQ2: [3-D double]                                                                         
                            wQ4: [3-D double]                                                                         


mu = 

  matlab.io.MatFile

  Properties:
              Properties.Source: '/data/geyink1/skumar67/FV_poly_codes/FV_wi_0p8/data/velfield_lse_uufilter_j_156.mat'
            Properties.Writable: false                                                                                
    Properties.ProtectedLoading: false                                                                                
                            Q2Q: [3-D single]                                                                         
                      Q2lambda2: [3-D single]                                                                         
                            Q4Q: [3-D single]                                                                         
                      Q4lambda2: [3-D single]                                                                         
                              X: [3-D double]                                                                         
                              Y: [3-D double]                                                                         
                              Z: [3-D double]                                                                         
                            uQ2: [3-D double]                                                                         
                            uQ4: [3-D double]                                                                         
                            vQ2: [3-D double]                                                                         
                            vQ4: [3-D double]                                                                         
                            wQ2: [3-D double]                                                                         
                            wQ4: [3-D double]                                                                         


f1 = 

    "iso_lse_vel_Q_filter_j_156.fig"

matlab exit code: 0
