
Currently Loaded Modules:
  1) gcc/9.3.0       3) slurm/19.05.7   5) lua/5.4.4       7) git/2.28.0
  2) openmpi/3.1.6   4) lmod/8.7.24     6) helpers/0.1.1   8) standard/2020.10

                            < M A T L A B (R) >
                  Copyright 1984-2021 The MathWorks, Inc.
             R2021a Update 4 (9.10.0.1710957) 64-bit (glnxa64)
                                July 1, 2021

 
To get started, type doc.
For product information, visit www.mathworks.com.
 

re =

        4667


runFolder =

    '/home/skumar67/data-geyink1/skumar67/FV_wi_30'


fileNr =

      140000


ans =

     1     1


ans =

     1     1


fm = 

    "/home/skumar67/data-geyink1/skumar67/FV_wi_30/velfields_0140000.mat"


m = 

  matlab.io.MatFile

  Properties:
              Properties.Source: '/home/skumar67/data-geyink1/skumar67/FV_wi_30/velfields_0140000.mat'
            Properties.Writable: true                                                                 
    Properties.ProtectedLoading: false                                                                


fnt = 

    "transferfields_0140000.mat"


fmt = 

    "/home/skumar67/data-geyink1/skumar67/FV_wi_30/transferfields_0140000.mat"


mt = 

  matlab.io.MatFile

  Properties:
              Properties.Source: '/home/skumar67/data-geyink1/skumar67/FV_wi_30/transferfields_0140000.mat'
            Properties.Writable: true                                                                      
    Properties.ProtectedLoading: false                                                                     


fng = 

    "velgrad_0140000.mat"


fmg = 

    "/home/skumar67/data-geyink1/skumar67/FV_wi_30/velgrad_0140000.mat"


mg = 

  matlab.io.MatFile

  Properties:
              Properties.Source: '/home/skumar67/data-geyink1/skumar67/FV_wi_30/velgrad_0140000.mat'
            Properties.Writable: true                                                               
    Properties.ProtectedLoading: false                                                              


fmy = 

    "/home/skumar67/data-geyink1/skumar67/FV_wi_30/ygrid.mat"


my = 

  matlab.io.MatFile

  Properties:
              Properties.Source: '/home/skumar67/data-geyink1/skumar67/FV_wi_30/ygrid.mat'
            Properties.Writable: true                                                     
    Properties.ProtectedLoading: false                                                    

matlab exit code: 0
