
Currently Loaded Modules:
  1) gcc/9.3.0       3) slurm/19.05.7   5) lua/5.4.4       7) git/2.28.0
  2) openmpi/3.1.6   4) lmod/8.7.24     6) helpers/0.1.1   8) standard/2020.10

                            < M A T L A B (R) >
                  Copyright 1984-2021 The MathWorks, Inc.
             R2021a Update 4 (9.10.0.1710957) 64-bit (glnxa64)
                                July 1, 2021

 
To get started, type doc.
For product information, visit www.mathworks.com.
 

n =

     1


n =

     2


n =

     3


n =

     4


n =

     5


n =

     6


n =

     7


n =

     8


n =

     9


n =

    10


n =

    11


n =

    12


n =

    13


n =

    14


n =

    15


n =

    16


n =

    17


n =

    18


n =

    19


n =

    20


n =

    21


n =

    22


n =

    23


n =

    24


n =

    25


n =

    26


n =

    27


n =

    28


n =

    29


n =

    30

